#
# A fatal error has been detected by the Java Runtime Environment:
#
#  EXCEPTION_ACCESS_VIOLATION (0xc0000005) at pc=0x000000005e16fd6a, pid=3956, tid=10664
#
# JRE version: 6.0_17-b04
# Java VM: Java HotSpot(TM) 64-Bit Server VM (14.3-b01 mixed mode windows-amd64 )
# Problematic frame:
# C  [m_dispatcher.dll+0xfd6a]
#
# If you would like to submit a bug report, please visit:
#   http://java.sun.com/webapps/bugreport/crash.jsp
# The crash happened outside the Java Virtual Machine in native code.
# See problematic frame for where to report the bug.
#

---------------  T H R E A D  ---------------

Current thread (0x00000000062d0800):  JavaThread "main" [_thread_in_native, id=10664, stack(0x0000000000040000,0x0000000004040000)]

siginfo: ExceptionCode=0xc0000005, reading address 0x00000000000012a7

Registers:
EAX=0x00000000522c1ae1, EBX=0x0000000000000001, ECX=0x000000000000127f, EDX=0x0000000000000007
ESP=0x000000000403cba8, EBP=0x000000000403d198, ESI=0x0000000000000000, EDI=0x0000000008b6c7d0
EIP=0x000000005e16fd6a, EFLAGS=0x0000000000010202

Top of Stack: (sp=0x000000000403cba8)
0x000000000403cba8:   0000000052277320 00000001e06d7363
0x000000000403cbb8:   000000000403cec0 0000000000000001
0x000000000403cbc8:   00000000062d0bd0 00000000062d0800
0x000000000403cbd8:   000000000403cef0 0000000000000000
0x000000000403cbe8:   00000000536a8930 0000000000000000
0x000000000403cbf8:   0000000052277263 0000000000000001
0x000000000403cc08:   0000000000000000 0000000000000001
0x000000000403cc18:   000000001271d420 000000000403cce8
0x000000000403cc28:   0000000078a66215 0000000000000000
0x000000000403cc38:   0000000000000000 fffffffffffffffe
0x000000000403cc48:   00000000528896a0 00000000062d0800
0x000000000403cc58:   000000006f2e54ca 000000000403cd00
0x000000000403cc68:   0000000078a76513 0000000000000001
0x000000000403cc78:   00000000062d0bd8 000000000639da90
0x000000000403cc88:   000000000403cef0 0000000000000000
0x000000000403cc98:   0000000075a8b2c9 0000000000000001 

Instructions: (pc=0x000000005e16fd6a)
0x000000005e16fd5a:   a2 f8 01 00 48 8b 89 60 04 00 00 48 85 c9 74 1c
0x000000005e16fd6a:   48 8b 41 28 80 b8 b8 00 00 00 00 74 06 48 85 c9 


Stack: [0x0000000000040000,0x0000000004040000],  sp=0x000000000403cba8,  free space=65522k
Native frames: (J=compiled Java code, j=interpreted, Vv=VM code, C=native code)
C  [m_dispatcher.dll+0xfd6a]

Java frames: (J=compiled Java code, j=interpreted, Vv=VM code)
j  com.mathworks.jmi.NativeMatlab.SendMatlabMessage(Ljava/lang/Object;)Ljava/lang/Object;+0
j  com.mathworks.jmi.NativeMatlab.sendMatlabMessage(Ljava/lang/Object;)Ljava/lang/Object;+22
j  com.mathworks.jmi.MatlabLooper.sendMatlabMessage(Lcom/mathworks/services/message/MWMessage;)Ljava/lang/Object;+20
j  com.mathworks.jmi.Matlab.mtFevalConsoleOutput(Ljava/lang/String;[Ljava/lang/Object;I)Ljava/lang/Object;+58
j  com.mathworks.mde.desk.MLDesktop$9.run()V+14
j  com.mathworks.jmi.NativeMatlab.dispatchMTRequests(Z)V+57
v  ~StubRoutines::call_stub

---------------  P R O C E S S  ---------------

Java Threads: ( => current thread )
  0x000000004f481800 JavaThread "Code Analyzer updating thread" [_thread_blocked, id=8296, stack(0x0000000011010000,0x0000000011090000)]
  0x000000004f482000 JavaThread "Code Analyzer updating thread" [_thread_blocked, id=10496, stack(0x0000000016260000,0x00000000162e0000)]
  0x000000004f47a000 JavaThread "Prefs Updater" daemon [_thread_blocked, id=9772, stack(0x00000000161c0000,0x0000000016240000)]
  0x000000004f476800 JavaThread "pool-6-thread-1" [_thread_blocked, id=7328, stack(0x000000002e680000,0x000000002e700000)]
  0x000000004f47e800 JavaThread "Code Analyzer updating thread" [_thread_blocked, id=2844, stack(0x0000000050540000,0x00000000505c0000)]
  0x000000004f47d800 JavaThread "Code Analyzer updating thread" [_thread_blocked, id=2780, stack(0x0000000053f70000,0x0000000053ff0000)]
  0x000000004f47d000 JavaThread "Code Analyzer updating thread" [_thread_blocked, id=12528, stack(0x00000000540b0000,0x0000000054130000)]
  0x000000004f47c000 JavaThread "Code Analyzer updating thread" [_thread_blocked, id=9128, stack(0x0000000054010000,0x0000000054090000)]
  0x000000004f47b800 JavaThread "Active Reference Queue Daemon" daemon [_thread_blocked, id=13100, stack(0x0000000053d60000,0x0000000053de0000)]
  0x000000004f479800 JavaThread "Timer-8" daemon [_thread_blocked, id=8472, stack(0x0000000053eb0000,0x0000000053f30000)]
  0x000000004f47b000 JavaThread "Timer-7" daemon [_thread_blocked, id=10436, stack(0x0000000053ba0000,0x0000000053c20000)]
  0x000000004f478800 JavaThread "Explorer NavigationContext request queue" [_thread_blocked, id=8868, stack(0x0000000053b00000,0x0000000053b80000)]
  0x000000004f477000 JavaThread "AddressBar directory emptiness poller" [_thread_blocked, id=11272, stack(0x0000000050770000,0x00000000507f0000)]
  0x000000004f475800 JavaThread "Timer-1" [_thread_blocked, id=10648, stack(0x0000000052050000,0x00000000520d0000)]
  0x000000004f475000 JavaThread "TimerQueue" daemon [_thread_blocked, id=7064, stack(0x00000000509f0000,0x0000000050a70000)]
  0x000000004f474800 JavaThread "FelixPackageAdmin" daemon [_thread_blocked, id=8548, stack(0x000000002d380000,0x000000002d400000)]
  0x000000004f19f000 JavaThread "FelixStartLevel" daemon [_thread_blocked, id=10480, stack(0x0000000050030000,0x00000000500b0000)]
  0x000000004f287000 JavaThread "FelixDispatchQueue" daemon [_thread_blocked, id=8044, stack(0x0000000025290000,0x0000000025310000)]
  0x000000004f1df800 JavaThread "AWT-EventQueue-0" [_thread_blocked, id=12376, stack(0x000000000fb30000,0x000000000fbb0000)]
  0x000000004ee6d800 JavaThread "com.google.common.base.internal.Finalizer" daemon [_thread_blocked, id=10508, stack(0x000000000ff30000,0x000000000ffb0000)]
  0x000000000f56c800 JavaThread "AWT-Windows" daemon [_thread_in_native, id=9084, stack(0x000000000fab0000,0x000000000fb30000)]
  0x000000000f56c000 JavaThread "AWT-Shutdown" [_thread_blocked, id=3036, stack(0x000000000fbb0000,0x000000000fc30000)]
  0x000000000f56b000 JavaThread "Java2D Disposer" daemon [_thread_blocked, id=12772, stack(0x000000000f8d0000,0x000000000f950000)]
  0x000000004ecc7800 JavaThread "Timer-0" [_thread_blocked, id=3324, stack(0x000000000f9a0000,0x000000000fa20000)]
  0x000000004ebcc800 JavaThread "EventMgr Dispatcher" daemon [_thread_in_native, id=8220, stack(0x0000000019090000,0x000000001d090000)]
  0x000000000efb0800 JavaThread "Low Memory Detector" daemon [_thread_blocked, id=5252, stack(0x000000000f0b0000,0x000000000f130000)]
  0x000000000efad000 JavaThread "CompilerThread1" daemon [_thread_blocked, id=11832, stack(0x0000000088210000,0x000000008c210000)]
  0x000000000efa3000 JavaThread "CompilerThread0" daemon [_thread_blocked, id=10124, stack(0x0000000084120000,0x0000000088120000)]
  0x000000000ef9c800 JavaThread "Attach Listener" daemon [_thread_blocked, id=2916, stack(0x000000000f440000,0x000000000f4c0000)]
  0x000000000638a000 JavaThread "Finalizer" daemon [_thread_blocked, id=10012, stack(0x000000000f2c0000,0x000000000f340000)]
  0x0000000006389000 JavaThread "Reference Handler" daemon [_thread_blocked, id=7944, stack(0x000000000f1b0000,0x000000000f230000)]
=>0x00000000062d0800 JavaThread "main" [_thread_in_native, id=10664, stack(0x0000000000040000,0x0000000004040000)]

Other Threads:
  0x000000000ef42800 VMThread [stack: 0x0000000080000000,0x0000000084000000] [id=9748]
  0x000000000efc4800 WatcherThread [stack: 0x000000008c380000,0x0000000090380000] [id=8904]

VM state:not at safepoint (normal execution)

VM Mutex/Monitor currently owned by a thread: None

Heap
 PSYoungGen      total 13504K, used 5834K [0x0000000049f30000, 0x000000004af30000, 0x000000004e830000)
  eden space 10688K, 39% used [0x0000000049f30000,0x000000004a359838,0x000000004a9a0000)
  from space 2816K, 55% used [0x000000004a9a0000,0x000000004ab29260,0x000000004ac60000)
  to   space 2752K, 0% used [0x000000004ac80000,0x000000004ac80000,0x000000004af30000)
 PSOldGen        total 59712K, used 47733K [0x000000003c430000, 0x000000003fe80000, 0x0000000049f30000)
  object space 59712K, 79% used [0x000000003c430000,0x000000003f2cd7d0,0x000000003fe80000)
 PSPermGen       total 108416K, used 62191K [0x0000000034430000, 0x000000003ae10000, 0x000000003c430000)
  object space 108416K, 57% used [0x0000000034430000,0x00000000380ebe48,0x000000003ae10000)

Dynamic libraries:
0x000000013f390000 - 0x000000013f3c2000 	C:\Program Files\MATLAB\R2012a\bin\win64\MATLAB.exe
0x0000000076dd0000 - 0x0000000076f78000 	C:\Windows\SYSTEM32\ntdll.dll
0x0000000076bb0000 - 0x0000000076ccf000 	C:\Windows\system32\kernel32.dll
0x000007fefcc30000 - 0x000007fefcc9c000 	C:\Windows\system32\KERNELBASE.dll
0x0000000074460000 - 0x0000000074554000 	C:\Program Files\MATLAB\R2012a\bin\win64\libut.dll
0x00000000758a0000 - 0x0000000075952000 	C:\Program Files\MATLAB\R2012a\bin\win64\libmwi18n.dll
0x0000000180000000 - 0x000000018000b000 	C:\Program Files\MATLAB\R2012a\bin\win64\libmwresource_core.dll
0x000000006f350000 - 0x000000006f423000 	C:\Windows\WinSxS\amd64_microsoft.vc90.crt_1fc8b3b9a1e18e3b_9.0.30729.6161_none_08e61857a83bc251\MSVCP90.dll
0x000000006f2a0000 - 0x000000006f343000 	C:\Windows\WinSxS\amd64_microsoft.vc90.crt_1fc8b3b9a1e18e3b_9.0.30729.6161_none_08e61857a83bc251\MSVCR90.dll
0x000000007a170000 - 0x000000007a19c000 	C:\Program Files\MATLAB\R2012a\bin\win64\boost_filesystem-vc90-mt-1_44.dll
0x000000007a560000 - 0x000000007a569000 	C:\Program Files\MATLAB\R2012a\bin\win64\boost_system-vc90-mt-1_44.dll
0x000007fefe710000 - 0x000007fefe7eb000 	C:\Windows\system32\ADVAPI32.dll
0x000007fefec90000 - 0x000007fefed2f000 	C:\Windows\system32\msvcrt.dll
0x000007fefd890000 - 0x000007fefd8af000 	C:\Windows\SYSTEM32\sechost.dll
0x000007fefed50000 - 0x000007fefee7d000 	C:\Windows\system32\RPCRT4.dll
0x000000007a010000 - 0x000000007a035000 	C:\Program Files\MATLAB\R2012a\bin\win64\LIBEXPAT.dll
0x000000005e7f0000 - 0x000000005e9e1000 	C:\Program Files\MATLAB\R2012a\bin\win64\icuin44.dll
0x000000005cf20000 - 0x000000005d091000 	C:\Program Files\MATLAB\R2012a\bin\win64\icuuc44.dll
0x0000000010000000 - 0x0000000010e41000 	C:\Program Files\MATLAB\R2012a\bin\win64\icudt44.dll
0x0000000073f70000 - 0x00000000740ad000 	C:\Program Files\MATLAB\R2012a\bin\win64\libmwfl.dll
0x0000000004320000 - 0x0000000004616000 	C:\Program Files\MATLAB\R2012a\bin\win64\libmwMATLAB_res.dll
0x000000007a3b0000 - 0x000000007a3c0000 	C:\Program Files\MATLAB\R2012a\bin\win64\boost_date_time-vc90-mt-1_44.dll
0x000000007a250000 - 0x000000007a263000 	C:\Program Files\MATLAB\R2012a\bin\win64\boost_signals-vc90-mt-1_44.dll
0x000000007a2d0000 - 0x000000007a2e2000 	C:\Program Files\MATLAB\R2012a\bin\win64\boost_thread-vc90-mt-1_44.dll
0x00000000041a0000 - 0x00000000041e6000 	C:\Program Files\MATLAB\R2012a\bin\win64\tbb.dll
0x000007fefed30000 - 0x000007fefed49000 	C:\Windows\system32\imagehlp.dll
0x0000000076fa0000 - 0x0000000076fa7000 	C:\Windows\system32\PSAPI.DLL
0x00000000604e0000 - 0x00000000604f3000 	C:\Program Files\MATLAB\R2012a\bin\win64\icuio44.dll
0x000007fef2a30000 - 0x000007fef2b55000 	C:\Windows\system32\dbghelp.dll
0x0000000076cd0000 - 0x0000000076dca000 	C:\Windows\system32\USER32.dll
0x000007fefe900000 - 0x000007fefe967000 	C:\Windows\system32\GDI32.dll
0x000007fefec80000 - 0x000007fefec8e000 	C:\Windows\system32\LPK.dll
0x000007fefd8b0000 - 0x000007fefd979000 	C:\Windows\system32\USP10.dll
0x000000007bed0000 - 0x000000007c183000 	C:\Program Files\MATLAB\R2012a\bin\win64\libmwservices.dll
0x0000000075a20000 - 0x0000000075ae2000 	C:\Program Files\MATLAB\R2012a\bin\win64\libmx.dll
0x000000007a210000 - 0x000000007a228000 	C:\Program Files\MATLAB\R2012a\bin\win64\zlib1.dll
0x0000000004640000 - 0x0000000004661000 	C:\Program Files\MATLAB\R2012a\bin\win64\libmwmfl_scalar.dll
0x0000000075f10000 - 0x0000000075f5d000 	C:\Program Files\MATLAB\R2012a\bin\win64\mpath.dll
0x000000007b680000 - 0x000000007bbe1000 	C:\Program Files\MATLAB\R2012a\bin\win64\mlutil.dll
0x000000005e770000 - 0x000000005e7ef000 	C:\Program Files\MATLAB\R2012a\bin\win64\xmlcore.dll
0x000000007bc30000 - 0x000000007be83000 	C:\Program Files\MATLAB\R2012a\bin\win64\xerces-c_2_7.dll
0x000007fefe8b0000 - 0x000007fefe8fd000 	C:\Windows\system32\WS2_32.dll
0x000007fefe7f0000 - 0x000007fefe7f8000 	C:\Windows\system32\NSI.dll
0x00000000046c0000 - 0x00000000046da000 	C:\Program Files\MATLAB\R2012a\bin\win64\libmwMATLAB_settings_res.dll
0x00000000046f0000 - 0x0000000004737000 	C:\Program Files\MATLAB\R2012a\bin\win64\boost_serialization-vc90-mt-1_44.dll
0x000007fefd980000 - 0x000007fefe709000 	C:\Windows\system32\SHELL32.dll
0x000007fefd560000 - 0x000007fefd5d1000 	C:\Windows\system32\SHLWAPI.dll
0x000007fef8f40000 - 0x000007fef8fe0000 	C:\Windows\WinSxS\amd64_microsoft.windows.common-controls_6595b64144ccf1df_5.82.7601.18837_none_a4d981ff711297b6\COMCTL32.dll
0x000007fefd7f0000 - 0x000007fefd887000 	C:\Windows\system32\COMDLG32.dll
0x000007fefbfb0000 - 0x000007fefbfc6000 	C:\Windows\system32\NETAPI32.dll
0x000007fefc4d0000 - 0x000007fefc4dc000 	C:\Windows\system32\netutils.dll
0x000007fefc640000 - 0x000007fefc663000 	C:\Windows\system32\srvcli.dll
0x000007fefbf90000 - 0x000007fefbfa5000 	C:\Windows\system32\wkscli.dll
0x000007fefd5e0000 - 0x000007fefd7e3000 	C:\Windows\system32\ole32.dll
0x000007fefeba0000 - 0x000007fefec77000 	C:\Windows\system32\OLEAUT32.dll
0x0000000074970000 - 0x0000000074b06000 	C:\Program Files\MATLAB\R2012a\bin\win64\mcr.dll
0x0000000075000000 - 0x000000007536b000 	C:\Program Files\MATLAB\R2012a\bin\win64\iqm.dll
0x0000000052250000 - 0x0000000052a71000 	C:\Program Files\MATLAB\R2012a\bin\win64\m_interpreter.dll
0x000000005f850000 - 0x000000005f875000 	C:\Program Files\MATLAB\R2012a\bin\win64\libmex.dll
0x000000005e160000 - 0x000000005e213000 	C:\Program Files\MATLAB\R2012a\bin\win64\m_dispatcher.dll
0x0000000074880000 - 0x000000007496d000 	C:\Program Files\MATLAB\R2012a\bin\win64\boost_regex-vc90-mt-1_44.dll
0x000000005e2d0000 - 0x000000005e354000 	C:\Program Files\MATLAB\R2012a\bin\win64\profiler.dll
0x00000000047c0000 - 0x0000000004a15000 	C:\Program Files\MATLAB\R2012a\bin\win64\libmwmathutil.dll
0x0000000079f40000 - 0x0000000079f6d000 	C:\Program Files\MATLAB\R2012a\bin\win64\libmwmathrng.dll
0x0000000074c10000 - 0x0000000074ced000 	C:\Program Files\MATLAB\R2012a\bin\win64\libmwmathcore.dll
0x0000000076160000 - 0x00000000761cb000 	C:\Program Files\MATLAB\R2012a\bin\win64\libmwspmatrix.dll
0x0000000075ea0000 - 0x0000000075f02000 	C:\Program Files\MATLAB\R2012a\bin\win64\libmwcholmod.dll
0x000000007a460000 - 0x000000007a46d000 	C:\Program Files\MATLAB\R2012a\bin\win64\libmwamd.dll
0x000000007a4b0000 - 0x000000007a4bc000 	C:\Program Files\MATLAB\R2012a\bin\win64\libmwcolamd.dll
0x000000005f830000 - 0x000000005f849000 	C:\Program Files\MATLAB\R2012a\bin\win64\libmwblas.dll
0x000000005f810000 - 0x000000005f822000 	C:\Program Files\MATLAB\R2012a\bin\win64\libmwbinder.dll
0x0000000060de0000 - 0x0000000060deb000 	C:\Program Files\MATLAB\R2012a\bin\win64\libmwompwrapper.dll
0x000000005b6b0000 - 0x000000005b736000 	C:\Program Files\MATLAB\R2012a\bin\win64\libmwlapack.dll
0x000000005e410000 - 0x000000005e431000 	C:\Program Files\MATLAB\R2012a\bin\win64\m_pcodeio.dll
0x0000000079b10000 - 0x0000000079b77000 	C:\Program Files\MATLAB\R2012a\bin\win64\m_ir.dll
0x0000000078070000 - 0x00000000786c0000 	C:\Program Files\MATLAB\R2012a\bin\win64\m_parser.dll
0x000000005ebb0000 - 0x000000005ebca000 	C:\Program Files\MATLAB\R2012a\bin\win64\ir_xfmr.dll
0x00000000563f0000 - 0x0000000056669000 	C:\Program Files\MATLAB\R2012a\bin\win64\mcos.dll
0x0000000060d50000 - 0x0000000060d5c000 	C:\Program Files\MATLAB\R2012a\bin\win64\mtok.dll
0x000000005b670000 - 0x000000005b6a1000 	C:\Program Files\MATLAB\R2012a\bin\win64\m_pcodegen.dll
0x0000000079fb0000 - 0x0000000079fe7000 	C:\Program Files\MATLAB\R2012a\bin\win64\libmwbridge.dll
0x000000005b5a0000 - 0x000000005b668000 	C:\Program Files\MATLAB\R2012a\bin\win64\udd.dll
0x0000000056200000 - 0x0000000056352000 	C:\Program Files\MATLAB\R2012a\bin\win64\libmwgui.dll
0x000000005eb70000 - 0x000000005eb87000 	C:\Program Files\MATLAB\R2012a\bin\win64\graphics_util.dll
0x0000000004b80000 - 0x0000000005523000 	C:\Program Files\MATLAB\R2012a\bin\win64\hg.dll
0x0000000005540000 - 0x00000000055a7000 	C:\Program Files\MATLAB\R2012a\bin\win64\libmat.dll
0x0000000072d30000 - 0x0000000072f44000 	C:\Program Files\MATLAB\R2012a\bin\win64\hdf5dll.dll
0x0000000075710000 - 0x00000000757c1000 	C:\Program Files\MATLAB\R2012a\bin\win64\jmi.dll
0x00000000055e0000 - 0x00000000055ee000 	C:\Program Files\MATLAB\R2012a\bin\win64\nativejava_services.dll
0x00000000563a0000 - 0x00000000563e2000 	C:\Program Files\MATLAB\R2012a\bin\win64\libmwhardcopy.dll
0x00000000561a0000 - 0x00000000561fa000 	C:\Program Files\MATLAB\R2012a\bin\win64\libuij.dll
0x0000000055b30000 - 0x0000000055d3c000 	C:\Program Files\MATLAB\R2012a\bin\win64\hgdatatypes.dll
0x00000000560a0000 - 0x000000005619d000 	C:\Program Files\MATLAB\R2012a\bin\win64\hgutils.dll
0x0000000055a70000 - 0x0000000055b2d000 	C:\Program Files\MATLAB\R2012a\bin\win64\udd_mi.dll
0x0000000005650000 - 0x000000000568b000 	C:\Program Files\MATLAB\R2012a\bin\win64\libmwgbtutils.dll
0x00000000056a0000 - 0x00000000056b9000 	C:\Program Files\MATLAB\R2012a\bin\win64\libmwgbt.dll
0x00000000056d0000 - 0x000000000599a000 	C:\Program Files\MATLAB\R2012a\bin\win64\uiw.dll
0x0000000060840000 - 0x000000006084f000 	C:\Program Files\MATLAB\R2012a\bin\win64\uinone.dll
0x000007fef23a0000 - 0x000007fef23b8000 	C:\Windows\system32\MPR.dll
0x00000000059c0000 - 0x0000000005ea4000 	C:\Windows\WinSxS\amd64_microsoft.vc90.mfc_1fc8b3b9a1e18e3b_9.0.30729.6161_none_044aad0bab1eb146\mfc90.dll
0x000007fefa070000 - 0x000007fefa077000 	C:\Windows\system32\MSIMG32.dll
0x000007fefa470000 - 0x000007fefa4e1000 	C:\Windows\system32\WINSPOOL.DRV
0x000000005e5a0000 - 0x000000005e5c0000 	C:\Program Files\MATLAB\R2012a\bin\win64\mwoles05.DLL
0x0000000056020000 - 0x000000005609c000 	C:\Program Files\MATLAB\R2012a\bin\win64\comcli.dll
0x000000006efd0000 - 0x000000006efff000 	C:\Windows\WinSxS\amd64_microsoft.vc90.atl_1fc8b3b9a1e18e3b_9.0.30729.6161_none_0a1fd3a3a768b895\ATL90.DLL
0x000000005eb40000 - 0x000000005eb4c000 	C:\Program Files\MATLAB\R2012a\bin\win64\mlautoregister.dll
0x0000000005ee0000 - 0x0000000005ef0000 	C:\Program Files\MATLAB\R2012a\bin\win64\boost_iostreams-vc90-mt-1_44.dll
0x000007fefc9c0000 - 0x000007fefca17000 	C:\Windows\system32\apphelp.dll
0x000007fef29d0000 - 0x000007fef2a21000 	C:\Windows\AppPatch\AppPatch64\AcGenral.DLL
0x000007fefc990000 - 0x000007fefc9b5000 	C:\Windows\system32\SspiCli.dll
0x0000000070ae0000 - 0x0000000070ae3000 	C:\Windows\system32\sfc.dll
0x000007fef4a30000 - 0x000007fef4a40000 	C:\Windows\system32\sfc_os.DLL
0x000007fefcc10000 - 0x000007fefcc2e000 	C:\Windows\system32\USERENV.dll
0x000007fefcb80000 - 0x000007fefcb8f000 	C:\Windows\system32\profapi.dll
0x000007fefac50000 - 0x000007fefac68000 	C:\Windows\system32\dwmapi.dll
0x000007fefe880000 - 0x000007fefe8ae000 	C:\Windows\system32\IMM32.DLL
0x000007fefcf40000 - 0x000007fefd049000 	C:\Windows\system32\MSCTF.dll
0x00000000061e0000 - 0x0000000006218000 	C:\PROGRA~2\Sophos\SOPHOS~1\SOPHOS~2.DLL
0x000007fefb1b0000 - 0x000007fefb206000 	C:\Windows\system32\UxTheme.dll
0x000000005e760000 - 0x000000005e76f000 	C:\Windows\WinSxS\amd64_microsoft.vc90.mfcloc_1fc8b3b9a1e18e3b_9.0.30729.6161_none_01c9581e60cbee58\MFC90DEU.DLL
0x0000000006250000 - 0x0000000006279000 	C:\Program Files\MATLAB\R2012a\bin\win64\tbbmalloc.dll
0x000007fef8d30000 - 0x000007fef8d3f000 	C:\Program Files\MATLAB\R2012a\bin\win64\xmlxrcsc.dll
0x000007fefca20000 - 0x000007fefca2f000 	C:\Windows\system32\CRYPTBASE.dll
0x000000000d780000 - 0x000000000d842000 	C:\Program Files\Lenovo\Client Security Solution\tvtpwm_windows_hook_x64.dll
0x000007fefcd00000 - 0x000007fefce6d000 	C:\Windows\system32\CRYPT32.dll
0x000007fefcb90000 - 0x000007fefcb9f000 	C:\Windows\system32\MSASN1.dll
0x000007fefcca0000 - 0x000007fefccdb000 	C:\Windows\system32\WINTRUST.dll
0x000007fefbce0000 - 0x000007fefbed4000 	C:\Windows\WinSxS\amd64_microsoft.windows.common-controls_6595b64144ccf1df_6.0.7601.18837_none_fa3b1e3d17594757\comctl32.dll

VM Arguments:
jvm_args: -Xss512k -XX:PermSize=32m -Xms64m -XX:NewRatio=3 -XX:MaxPermSize=128m -Xmx292m -XX:MaxDirectMemorySize=2147400000 -Dsun.java2d.noddraw=true -Dsun.awt.nopixfmt=true -Xshare:off -Xrs -Dsun.awt.disableMixing=true -Djava.library.path=C:\Program Files\MATLAB\R2012a\bin\win64 vfprintf abort 
java_command: <unknown>
Launcher Type: generic

Environment Variables:
PATH=C:\Program Files\MATLAB\R2012a\bin\win64;C:\Program Files\DIPimage 2.7\win64\lib;C:\Program Files\Basler\pylon 4\pylon\bin\x64;C:\Program Files\Basler\pylon 4\pylon\bin\Win32;C:\Program Files\Basler\pylon 4\genicam\Bin\Win64_x64;C:\Program Files\Basler\pylon 4\genicam\Bin\Win32_i86;C:\Program Files (x86)\MiKTeX 2.9\miktex\bin;C:\Windows\system32;C:\Windows;C:\Windows\System32\Wbem;C:\Windows\System32\WindowsPowerShell\v1.0\;C:\Program Files\ThinkPad\Bluetooth Software\;C:\Program Files\ThinkPad\Bluetooth Software\syswow64;C:\Program Files (x86)\Common Files\Lenovo;C:\Program Files (x86)\Lenovo\Access Connections\;C:\Program Files (x86)\Windows Live\Shared;C:\Program Files\Common Files\Lenovo;C:\Program Files (x86)\Lenovo\Client Security Solution;C:\Program Files\Lenovo\Client Security Solution;C:\SWTOOLS\ReadyApps;C:\Program Files\Intel\WiFi\bin\;C:\Program Files\Common Files\Intel\WirelessCommon\;C:\Program Files\MATLAB\R2012a\runtime\win64;C:\Program Files\MATLAB\R2012a\bin;C:\Program Files\MATLAB\R2010b\runtime\win64;C:\Program Files\MATLAB\R2010b\bin;C:\Program Files\TortoiseGit\bin;C:\Program Files (x86)\QuickTime Alternative\QTSystem;C:\Program Files (x86)\Bitvise SSH Client;C:\Program Files (x86)\Skype\Phone\;C:\Program Files\Photonfocus\PFRemote\bin;C:\Program Files\Photonfocus\PF3DSuite2\bin;C:\Program Files (x86)\Common Files\Pleora\eBUS SDK;C:\Program Files\Common Files\Pleora\eBUS SDK;C:\Users\pi96doc\AppData\Local\Continuum\Anaconda;C:\Users\pi96doc\AppData\Local\Continuum\Anaconda\Scripts;C:\Program Files\Java\jdk1.6.0_25\bin
USERNAME=pi96doc
OS=Windows_NT
PROCESSOR_IDENTIFIER=Intel64 Family 6 Model 37 Stepping 5, GenuineIntel



---------------  S Y S T E M  ---------------

OS: Windows 7 Build 7601 Service Pack 1

CPU:total 4 (8 cores per cpu, 2 threads per core) family 6 model 37 stepping 5, cmov, cx8, fxsr, mmx, sse, sse2, sse3, ssse3, sse4.1, sse4.2, ht

Memory: 4k page, physical 3985072k(606904k free), swap 7968292k(2788648k free)

vm_info: Java HotSpot(TM) 64-Bit Server VM (14.3-b01) for windows-amd64 JRE (1.6.0_17-b04), built on Oct 11 2009 00:46:08 by "java_re" with MS VC++ 8.0

time: Fri Jul 10 18:47:11 2015
elapsed time: 1423 seconds

